<?xml version="1.0" encoding="UTF-8"?>
<testsuite xmlns:xsi="http://www.w3.org/2001/XMLSchema-instance" xsi:noNamespaceSchemaLocation="https://maven.apache.org/surefire/maven-surefire-plugin/xsd/surefire-test-report.xsd" name="com.cherry.TestAdmin" time="0.032" tests="1" errors="0" skipped="0" failures="0">
  <properties>
    <property name="java.specification.version" value="15"/>
    <property name="sun.jnu.encoding" value="UTF-8"/>
    <property name="java.class.path" value="/home/shpark/zulip/kimsy/zulipj/target/test-classes:/home/shpark/zulip/kimsy/zulipj/target/classes:/home/shpark/.m2/repository/junit/junit/4.11/junit-4.11.jar:/home/shpark/.m2/repository/org/hamcrest/hamcrest-core/1.3/hamcrest-core-1.3.jar:/home/shpark/.m2/repository/com/github/jamesnetherton/zulip-java-client/0.3.0/zulip-java-client-0.3.0.jar:/home/shpark/.m2/repository/com/google/code/gson/gson/2.9.0/gson-2.9.0.jar:/home/shpark/.m2/repository/org/apache/httpcomponents/httpclient/4.5.13/httpclient-4.5.13.jar:/home/shpark/.m2/repository/org/apache/httpcomponents/httpcore/4.4.13/httpcore-4.4.13.jar:/home/shpark/.m2/repository/commons-logging/commons-logging/1.2/commons-logging-1.2.jar:/home/shpark/.m2/repository/commons-codec/commons-codec/1.11/commons-codec-1.11.jar:/home/shpark/.m2/repository/org/apache/httpcomponents/httpmime/4.5.13/httpmime-4.5.13.jar:/home/shpark/.m2/repository/com/fasterxml/jackson/core/jackson-databind/2.14.1/jackson-databind-2.14.1.jar:/home/shpark/.m2/repository/com/fasterxml/jackson/core/jackson-core/2.13.0/jackson-core-2.13.0.jar:/home/shpark/.m2/repository/com/fasterxml/jackson/core/jackson-annotations/2.13.0/jackson-annotations-2.13.0.jar:/home/shpark/.m2/repository/com/fasterxml/jackson/datatype/jackson-datatype-jsr310/2.13.0/jackson-datatype-jsr310-2.13.0.jar:/home/shpark/.m2/repository/org/slf4j/slf4j-api/1.7.36/slf4j-api-1.7.36.jar:/home/shpark/.m2/repository/ch/qos/logback/logback-classic/1.2.3/logback-classic-1.2.3.jar:/home/shpark/.m2/repository/ch/qos/logback/logback-core/1.2.3/logback-core-1.2.3.jar:/home/shpark/.m2/repository/org/projectlombok/lombok/1.18.22/lombok-1.18.22.jar:"/>
    <property name="java.vm.vendor" value="Oracle Corporation"/>
    <property name="sun.arch.data.model" value="64"/>
    <property name="java.vendor.url" value="https://java.oracle.com/"/>
    <property name="os.name" value="Linux"/>
    <property name="java.vm.specification.version" value="15"/>
    <property name="sun.java.launcher" value="SUN_STANDARD"/>
    <property name="user.country" value="US"/>
    <property name="sun.boot.library.path" value="/home/shpark/jdk-15.0.2/lib"/>
    <property name="sun.java.command" value="/home/shpark/zulip/kimsy/zulipj/target/surefire/surefirebooter17285284552749790995.jar /home/shpark/zulip/kimsy/zulipj/target/surefire 2022-12-19T15-30-31_627-jvmRun1 surefire12963910964986687527tmp surefire_017416094068581140036tmp"/>
    <property name="jdk.debug" value="release"/>
    <property name="surefire.test.class.path" value="/home/shpark/zulip/kimsy/zulipj/target/test-classes:/home/shpark/zulip/kimsy/zulipj/target/classes:/home/shpark/.m2/repository/junit/junit/4.11/junit-4.11.jar:/home/shpark/.m2/repository/org/hamcrest/hamcrest-core/1.3/hamcrest-core-1.3.jar:/home/shpark/.m2/repository/com/github/jamesnetherton/zulip-java-client/0.3.0/zulip-java-client-0.3.0.jar:/home/shpark/.m2/repository/com/google/code/gson/gson/2.9.0/gson-2.9.0.jar:/home/shpark/.m2/repository/org/apache/httpcomponents/httpclient/4.5.13/httpclient-4.5.13.jar:/home/shpark/.m2/repository/org/apache/httpcomponents/httpcore/4.4.13/httpcore-4.4.13.jar:/home/shpark/.m2/repository/commons-logging/commons-logging/1.2/commons-logging-1.2.jar:/home/shpark/.m2/repository/commons-codec/commons-codec/1.11/commons-codec-1.11.jar:/home/shpark/.m2/repository/org/apache/httpcomponents/httpmime/4.5.13/httpmime-4.5.13.jar:/home/shpark/.m2/repository/com/fasterxml/jackson/core/jackson-databind/2.14.1/jackson-databind-2.14.1.jar:/home/shpark/.m2/repository/com/fasterxml/jackson/core/jackson-core/2.13.0/jackson-core-2.13.0.jar:/home/shpark/.m2/repository/com/fasterxml/jackson/core/jackson-annotations/2.13.0/jackson-annotations-2.13.0.jar:/home/shpark/.m2/repository/com/fasterxml/jackson/datatype/jackson-datatype-jsr310/2.13.0/jackson-datatype-jsr310-2.13.0.jar:/home/shpark/.m2/repository/org/slf4j/slf4j-api/1.7.36/slf4j-api-1.7.36.jar:/home/shpark/.m2/repository/ch/qos/logback/logback-classic/1.2.3/logback-classic-1.2.3.jar:/home/shpark/.m2/repository/ch/qos/logback/logback-core/1.2.3/logback-core-1.2.3.jar:/home/shpark/.m2/repository/org/projectlombok/lombok/1.18.22/lombok-1.18.22.jar:"/>
    <property name="sun.cpu.endian" value="little"/>
    <property name="user.home" value="/home/shpark"/>
    <property name="user.language" value="en"/>
    <property name="java.specification.vendor" value="Oracle Corporation"/>
    <property name="java.version.date" value="2021-01-19"/>
    <property name="java.home" value="/home/shpark/jdk-15.0.2"/>
    <property name="file.separator" value="/"/>
    <property name="basedir" value="/home/shpark/zulip/kimsy/zulipj"/>
    <property name="java.vm.compressedOopsMode" value="Zero based"/>
    <property name="line.separator" value="&#10;"/>
    <property name="java.vm.specification.vendor" value="Oracle Corporation"/>
    <property name="java.specification.name" value="Java Platform API Specification"/>
    <property name="surefire.real.class.path" value="/home/shpark/zulip/kimsy/zulipj/target/surefire/surefirebooter17285284552749790995.jar"/>
    <property name="sun.management.compiler" value="HotSpot 64-Bit Tiered Compilers"/>
    <property name="java.runtime.version" value="15.0.2+7-27"/>
    <property name="user.name" value="shpark"/>
    <property name="path.separator" value=":"/>
    <property name="os.version" value="5.4.0-100-generic"/>
    <property name="java.runtime.name" value="OpenJDK Runtime Environment"/>
    <property name="file.encoding" value="UTF-8"/>
    <property name="java.vm.name" value="OpenJDK 64-Bit Server VM"/>
    <property name="localRepository" value="/home/shpark/.m2/repository"/>
    <property name="java.vendor.url.bug" value="https://bugreport.java.com/bugreport/"/>
    <property name="java.io.tmpdir" value="/tmp"/>
    <property name="java.version" value="15.0.2"/>
    <property name="user.dir" value="/home/shpark/zulip/kimsy/zulipj"/>
    <property name="os.arch" value="amd64"/>
    <property name="java.vm.specification.name" value="Java Virtual Machine Specification"/>
    <property name="java.library.path" value="/usr/local/cuda/extras/CUPTI/lib64:/home/shpark/julia-1.8.3/lib:/home/shpark/julia-1.8.3/lib/julia:/home/shpark/gurobi752/linux64/lib:/lib:/home/shpark/artelys/knitro-12.1.1-Linux-64/lib:/usr/local/cuda-11.1/lib64:/usr/local/cuda/extras/CUPTI/lib64:/home/shpark/julia-1.8.3/lib:/home/shpark/julia-1.8.3/lib/julia:/home/shpark/gurobi752/linux64/lib:/lib:/home/shpark/artelys/knitro-12.1.1-Linux-64/lib:/usr/local/cuda-11.1/lib64::/usr/local/cuda/lib64/:/usr/local/cuda/extras/CUPTI/lib64:/usr/local/cuda/lib64/:/usr/local/cuda/extras/CUPTI/lib64:/usr/java/packages/lib:/usr/lib64:/lib64:/lib:/usr/lib"/>
    <property name="java.vm.info" value="mixed mode, sharing"/>
    <property name="java.vendor" value="Oracle Corporation"/>
    <property name="java.vm.version" value="15.0.2+7-27"/>
    <property name="sun.io.unicode.encoding" value="UnicodeLittle"/>
    <property name="java.class.version" value="59.0"/>
  </properties>
  <testcase name="setAdmin" classname="com.cherry.TestAdmin" time="0.03"/>
</testsuite>